Copyright 1986-2020 Xilinx, Inc. All Rights Reserved.
-------------------------------------------------------------------------------------------------------------------------------------------------
| Tool Version     : Vivado v.2020.1 (lin64) Build 2902540 Wed May 27 19:54:35 MDT 2020
| Date             : Fri Jan  1 21:23:48 2021
| Host             : VirtualBox-Ubuntu-20 running 64-bit Ubuntu 20.04.1 LTS
| Command          : report_power -file riscv_top_power_routed.rpt -pb riscv_top_power_summary_routed.pb -rpx riscv_top_power_routed.rpx
| Design           : riscv_top
| Device           : xc7a35tcpg236-1
| Design State     : routed
| Grade            : commercial
| Process          : typical
| Characterization : Production
-------------------------------------------------------------------------------------------------------------------------------------------------

Power Report

Table of Contents
-----------------
1. Summary
1.1 On-Chip Components
1.2 Power Supply Summary
1.3 Confidence Level
2. Settings
2.1 Environment
2.2 Clock Constraints
3. Detailed Reports
3.1 By Hierarchy

1. Summary
----------

+--------------------------+--------------+
| Total On-Chip Power (W)  | 0.231        |
| Design Power Budget (W)  | Unspecified* |
| Power Budget Margin (W)  | NA           |
| Dynamic (W)              | 0.158        |
| Device Static (W)        | 0.074        |
| Effective TJA (C/W)      | 5.0          |
| Max Ambient (C)          | 83.8         |
| Junction Temperature (C) | 26.2         |
| Confidence Level         | Medium       |
| Setting File             | ---          |
| Simulation Activity File | ---          |
| Design Nets Matched      | NA           |
+--------------------------+--------------+
* Specify Design Power Budget using, set_operating_conditions -design_power_budget <value in Watts>


1.1 On-Chip Components
----------------------

+--------------------------+-----------+----------+-----------+-----------------+
| On-Chip                  | Power (W) | Used     | Available | Utilization (%) |
+--------------------------+-----------+----------+-----------+-----------------+
| Clocks                   |     0.011 |        8 |       --- |             --- |
| Slice Logic              |     0.004 |    26171 |       --- |             --- |
|   LUT as Logic           |     0.003 |    14451 |     20800 |           69.48 |
|   CARRY4                 |    <0.001 |      217 |      8150 |            2.66 |
|   F7/F8 Muxes            |    <0.001 |     1117 |     32600 |            3.43 |
|   LUT as Distributed RAM |    <0.001 |      572 |      9600 |            5.96 |
|   Register               |    <0.001 |     7234 |     41600 |           17.39 |
|   Others                 |     0.000 |       40 |       --- |             --- |
| Signals                  |     0.004 |    18873 |       --- |             --- |
| Block RAM                |     0.017 |       32 |        50 |           64.00 |
| MMCM                     |     0.121 |        1 |         5 |           20.00 |
| I/O                      |    <0.001 |        5 |       106 |            4.72 |
| Static Power             |     0.074 |          |           |                 |
| Total                    |     0.231 |          |           |                 |
+--------------------------+-----------+----------+-----------+-----------------+


1.2 Power Supply Summary
------------------------

+-----------+-------------+-----------+-------------+------------+-------------+-------------+------------+
| Source    | Voltage (V) | Total (A) | Dynamic (A) | Static (A) | Powerup (A) | Budget (A)  | Margin (A) |
+-----------+-------------+-----------+-------------+------------+-------------+-------------+------------+
| Vccint    |       1.000 |     0.045 |       0.035 |      0.011 |       NA    | Unspecified | NA         |
| Vccaux    |       1.800 |     0.080 |       0.067 |      0.013 |       NA    | Unspecified | NA         |
| Vcco33    |       3.300 |     0.001 |       0.000 |      0.001 |       NA    | Unspecified | NA         |
| Vcco25    |       2.500 |     0.000 |       0.000 |      0.000 |       NA    | Unspecified | NA         |
| Vcco18    |       1.800 |     0.000 |       0.000 |      0.000 |       NA    | Unspecified | NA         |
| Vcco15    |       1.500 |     0.000 |       0.000 |      0.000 |       NA    | Unspecified | NA         |
| Vcco135   |       1.350 |     0.000 |       0.000 |      0.000 |       NA    | Unspecified | NA         |
| Vcco12    |       1.200 |     0.000 |       0.000 |      0.000 |       NA    | Unspecified | NA         |
| Vccaux_io |       1.800 |     0.000 |       0.000 |      0.000 |       NA    | Unspecified | NA         |
| Vccbram   |       1.000 |     0.002 |       0.002 |      0.001 |       NA    | Unspecified | NA         |
| MGTAVcc   |       1.000 |     0.000 |       0.000 |      0.000 |       NA    | Unspecified | NA         |
| MGTAVtt   |       1.200 |     0.000 |       0.000 |      0.000 |       NA    | Unspecified | NA         |
| Vccadc    |       1.800 |     0.020 |       0.000 |      0.020 |       NA    | Unspecified | NA         |
+-----------+-------------+-----------+-------------+------------+-------------+-------------+------------+


1.3 Confidence Level
--------------------

+-----------------------------+------------+-------------------------------------------------------+------------------------------------------------------------------------------------------------------------+
| User Input Data             | Confidence | Details                                               | Action                                                                                                     |
+-----------------------------+------------+-------------------------------------------------------+------------------------------------------------------------------------------------------------------------+
| Design implementation state | High       | Design is routed                                      |                                                                                                            |
| Clock nodes activity        | High       | User specified more than 95% of clocks                |                                                                                                            |
| I/O nodes activity          | Medium     | More than 5% of inputs are missing user specification | Provide missing input activity with simulation results or by editing the "By Resource Type -> I/Os" view   |
| Internal nodes activity     | Medium     | User specified less than 25% of internal nodes        | Provide missing internal nodes activity with simulation results or by editing the "By Resource Type" views |
| Device models               | High       | Device models are Production                          |                                                                                                            |
|                             |            |                                                       |                                                                                                            |
| Overall confidence level    | Medium     |                                                       |                                                                                                            |
+-----------------------------+------------+-------------------------------------------------------+------------------------------------------------------------------------------------------------------------+


2. Settings
-----------

2.1 Environment
---------------

+-----------------------+--------------------------+
| Ambient Temp (C)      | 25.0                     |
| ThetaJA (C/W)         | 5.0                      |
| Airflow (LFM)         | 250                      |
| Heat Sink             | medium (Medium Profile)  |
| ThetaSA (C/W)         | 4.6                      |
| Board Selection       | medium (10"x10")         |
| # of Board Layers     | 12to15 (12 to 15 Layers) |
| Board Temperature (C) | 25.0                     |
+-----------------------+--------------------------+


2.2 Clock Constraints
---------------------

+----------------------+-----------------------------------+-----------------+
| Clock                | Domain                            | Constraint (ns) |
+----------------------+-----------------------------------+-----------------+
| EXCLK                | EXCLK                             |            10.0 |
| clk_out1_clk_wiz_0   | NEW_CLOCK/inst/clk_out1_clk_wiz_0 |            16.7 |
| clk_out1_clk_wiz_0_1 | NEW_CLOCK/inst/clk_out1_clk_wiz_0 |            16.7 |
| clkfbout_clk_wiz_0   | NEW_CLOCK/inst/clkfbout_clk_wiz_0 |            50.0 |
| clkfbout_clk_wiz_0_1 | NEW_CLOCK/inst/clkfbout_clk_wiz_0 |            50.0 |
| sys_clk_pin          | EXCLK                             |            10.0 |
+----------------------+-----------------------------------+-----------------+


3. Detailed Reports
-------------------

3.1 By Hierarchy
----------------

+---------------+-----------+
| Name          | Power (W) |
+---------------+-----------+
| riscv_top     |     0.158 |
|   NEW_CLOCK   |     0.121 |
|     inst      |     0.121 |
|   cpu0        |     0.017 |
|     ROB       |     0.008 |
|     RS        |     0.005 |
|     instqueue |     0.001 |
|     regfile   |     0.002 |
|   hci0        |     0.002 |
|   ram0        |     0.018 |
|     ram_bram  |     0.018 |
+---------------+-----------+


